<?xml version="1.0" encoding="UTF-8"?>
<!-- Generated by org.testng.reporters.JUnitXMLReporter -->
<testsuite ignored="0" hostname="CTAADPG038QXK" failures="0" tests="3" name="Test" time="0.05" errors="0" timestamp="2023-04-04T18:47:06 IST">
  <testcase classname="TaskPackage.TaskTestClass" name="@BeforeSuite beforesuit" time="2.329">
    <failure type="org.openqa.selenium.remote.http.ConnectionFailedException" message="Unable to establish websocket connection to http://localhost:64623/devtools/browser/c476ed8d-9f8b-4473-b384-b4f8250dd304
Build info: version: &amp;apos;4.6.0&amp;apos;, revision: &amp;apos;79f1c02ae20&amp;apos;
System info: os.name: &amp;apos;Windows 10&amp;apos;, os.arch: &amp;apos;amd64&amp;apos;, os.version: &amp;apos;10.0&amp;apos;, java.version: &amp;apos;17.0.2&amp;apos;
Driver info: driver.version: ChromeDriver">
      <![CDATA[org.openqa.selenium.remote.http.ConnectionFailedException: Unable to establish websocket connection to http://localhost:64623/devtools/browser/c476ed8d-9f8b-4473-b384-b4f8250dd304
Build info: version: '4.6.0', revision: '79f1c02ae20'
System info: os.name: 'Windows 10', os.arch: 'amd64', os.version: '10.0', java.version: '17.0.2'
Driver info: driver.version: ChromeDriver
at org.openqa.selenium.remote.http.netty.NettyWebSocket.<init>(NettyWebSocket.java:102)
at org.openqa.selenium.remote.http.netty.NettyWebSocket.lambda$create$3(NettyWebSocket.java:128)
at org.openqa.selenium.remote.http.netty.NettyClient.openSocket(NettyClient.java:107)
at org.openqa.selenium.devtools.Connection.<init>(Connection.java:77)
at org.openqa.selenium.chromium.ChromiumDriver.lambda$new$2(ChromiumDriver.java:116)
at java.base/java.util.Optional.map(Optional.java:260)
at org.openqa.selenium.chromium.ChromiumDriver.<init>(ChromiumDriver.java:114)
at org.openqa.selenium.chrome.ChromeDriver.<init>(ChromeDriver.java:81)
at org.openqa.selenium.chrome.ChromeDriver.<init>(ChromeDriver.java:49)
at TaskPackage.TaskTestClass.beforesuit(TaskTestClass.java:41)
... Removed 19 stack frames]]>
    </failure>
  </testcase> <!-- @BeforeSuite beforesuit -->
  <testcase classname="TaskPackage.TaskTestClass" name="@BeforeTest beforetest" time="0.0">
    <skipped/>
  </testcase> <!-- @BeforeTest beforetest -->
  <testcase classname="TaskPackage.TaskTestClass" name="@BeforeClass beforemethod" time="0.0">
    <skipped/>
  </testcase> <!-- @BeforeClass beforemethod -->
  <testcase classname="TaskPackage.TaskTestClass" name="test1" time="0.0">
    <skipped/>
  </testcase> <!-- test1 -->
  <testcase classname="TaskPackage.TaskTestClass" name="test2" time="0.0">
    <skipped/>
  </testcase> <!-- test2 -->
  <testcase classname="TaskPackage.TaskTestClass" name="test3" time="0.0">
    <skipped/>
  </testcase> <!-- test3 -->
</testsuite> <!-- Test -->
